#
# There is insufficient memory for the Java Runtime Environment to continue.
# Native memory allocation (malloc) failed to allocate 1096976 bytes for Chunk::new
# Possible reasons:
#   The system is out of physical RAM or swap space
#   In 32 bit mode, the process size limit was hit
# Possible solutions:
#   Reduce memory load on the system
#   Increase physical memory or swap space
#   Check if swap backing store is full
#   Use 64 bit Java on a 64 bit OS
#   Decrease Java heap size (-Xmx/-Xms)
#   Decrease number of Java threads
#   Decrease Java thread stack sizes (-Xss)
#   Set larger code cache with -XX:ReservedCodeCacheSize=
# This output file may be truncated or incomplete.
#
#  Out of Memory Error (allocation.cpp:390), pid=3892, tid=0x0000000000008e3c
#
# JRE version: OpenJDK Runtime Environment (8.0_152-b01) (build 1.8.0_152-release-1343-b01)
# Java VM: OpenJDK 64-Bit Server VM (25.152-b01 mixed mode windows-amd64 compressed oops)
# Failed to write core dump. Minidumps are not enabled by default on client versions of Windows
#

---------------  T H R E A D  ---------------

Current thread (0x0000000016edd000):  JavaThread "C2 CompilerThread1" daemon [_thread_in_native, id=36412, stack(0x0000000018960000,0x0000000018a60000)]

Stack: [0x0000000018960000,0x0000000018a60000]
[error occurred during error reporting (printing stack bounds), id 0xc0000005]

Native frames: (J=compiled Java code, j=interpreted, Vv=VM code, C=native code)


Current CompileTask:
C2: 368228 18269       4       org.gradle.api.internal.artifacts.ivyservice.resolveengine.graph.builder.EdgeState::<init> (79 bytes)


---------------  P R O C E S S  ---------------

Java Threads: ( => current thread )
  0x000000001fa65000 JavaThread "Cache worker for Build Output Cleanup Cache (C:\new\GoldenTicket_Android\.gradle\buildOutputCleanup)" [_thread_blocked, id=19808, stack(0x000000002d8e0000,0x000000002d9e0000)]
  0x000000001fa68800 JavaThread "Build operations Thread 4" [_thread_blocked, id=4584, stack(0x000000002d7e0000,0x000000002d8e0000)]
  0x000000001c91e000 JavaThread "Build operations Thread 3" [_thread_blocked, id=30872, stack(0x000000002d6e0000,0x000000002d7e0000)]
  0x000000001c915800 JavaThread "Build operations Thread 2" [_thread_blocked, id=35384, stack(0x000000002d5e0000,0x000000002d6e0000)]
  0x000000001c91c800 JavaThread "Build operations" [_thread_blocked, id=37816, stack(0x000000002d4e0000,0x000000002d5e0000)]
  0x000000001c91b000 JavaThread "Cache worker for cache directory md-rule (C:\Android\caches\5.1.1\md-rule)" [_thread_blocked, id=26896, stack(0x000000002d3e0000,0x000000002d4e0000)]
  0x000000001c914000 JavaThread "Cache worker for cache directory md-supplier (C:\Android\caches\5.1.1\md-supplier)" [_thread_blocked, id=21816, stack(0x000000002d2e0000,0x000000002d3e0000)]
  0x000000001c916800 JavaThread "Cache worker for file hash cache (C:\new\GoldenTicket_Android\.gradle\5.1.1\fileHashes)" [_thread_blocked, id=13220, stack(0x000000002d1e0000,0x000000002d2e0000)]
  0x000000001c913800 JavaThread "Thread-53" [_thread_blocked, id=31840, stack(0x000000002d0e0000,0x000000002d1e0000)]
  0x000000001c91a000 JavaThread "Stdin handler" [_thread_blocked, id=37044, stack(0x000000002cfe0000,0x000000002d0e0000)]
  0x000000001c919800 JavaThread "Asynchronous log dispatcher for DefaultDaemonConnection: socket connection from /127.0.0.1:63325 to /127.0.0.1:63674" [_thread_blocked, id=20048, stack(0x000000002cee0000,0x000000002cfe0000)]
  0x000000001c912000 JavaThread "Cancel handler" [_thread_blocked, id=32472, stack(0x000000002cde0000,0x000000002cee0000)]
  0x000000001c918000 JavaThread "Handler for socket connection from /127.0.0.1:63325 to /127.0.0.1:63674" [_thread_in_native, id=28432, stack(0x000000002cce0000,0x000000002cde0000)]
  0x000000001f939800 JavaThread "RMI TCP Connection(idle)" daemon [_thread_blocked, id=34700, stack(0x000000002c2e0000,0x000000002c3e0000)]
  0x000000001f938800 JavaThread "RMI RenewClean-[127.0.0.1:17432,org.jetbrains.kotlin.daemon.common.LoopbackNetworkInterface$ClientLoopbackSocketFactory@72287d7e]" daemon [_thread_blocked, id=33120, stack(0x000000002c1e0000,0x000000002c2e0000)]
  0x000000001fa60800 JavaThread "Daemon worker Thread 2" [_thread_in_Java, id=8268, stack(0x000000002b0e0000,0x000000002b1e0000)]
  0x000000001fa62000 JavaThread "Daemon Thread 2" [_thread_blocked, id=35772, stack(0x000000002ade0000,0x000000002aee0000)]
  0x000000001c91d000 JavaThread "Cache worker for Java compile cache (C:\Android\caches\5.1.1\javaCompile)" [_thread_blocked, id=11456, stack(0x0000000024790000,0x0000000024890000)]
  0x000000001c91b800 JavaThread "RMI Reaper" [_thread_blocked, id=14716, stack(0x0000000024590000,0x0000000024690000)]
  0x000000001c912800 JavaThread "RMI TCP Accept-0" daemon [_thread_in_native, id=34232, stack(0x0000000024490000,0x0000000024590000)]
  0x000000001c918800 JavaThread "GC Daemon" daemon [_thread_blocked, id=22504, stack(0x0000000024390000,0x0000000024490000)]
  0x000000001c910800 JavaThread "RMI Scheduler(0)" daemon [_thread_blocked, id=26176, stack(0x0000000024190000,0x0000000024290000)]
  0x000000001f93b800 JavaThread "Cache worker for file content cache (C:\Android\caches\5.1.1\fileContent)" [_thread_blocked, id=12064, stack(0x0000000022a90000,0x0000000022b90000)]
  0x000000001f93c800 JavaThread "Memory manager" [_thread_blocked, id=3004, stack(0x0000000022990000,0x0000000022a90000)]
  0x000000001f932000 JavaThread "Cache worker for execution history cache (C:\Android\caches\5.1.1\executionHistory)" [_thread_blocked, id=35176, stack(0x0000000020a90000,0x0000000020b90000)]
  0x0000000019e9c000 JavaThread "Cache worker for journal cache (C:\Android\caches\journal-1)" [_thread_blocked, id=33228, stack(0x000000001b500000,0x000000001b600000)]
  0x0000000019e9b000 JavaThread "File lock request listener" [_thread_in_native, id=27060, stack(0x000000001b400000,0x000000001b500000)]
  0x00000000184cd000 JavaThread "Cache worker for file hash cache (C:\Android\caches\5.1.1\fileHashes)" [_thread_blocked, id=17904, stack(0x000000001b300000,0x000000001b400000)]
  0x000000001837d800 JavaThread "Daemon periodic checks" [_thread_blocked, id=10804, stack(0x000000001a900000,0x000000001aa00000)]
  0x0000000019080800 JavaThread "Incoming local TCP Connector on port 63325" [_thread_in_native, id=14592, stack(0x000000001a730000,0x000000001a830000)]
  0x00000000182e8800 JavaThread "Service Thread" daemon [_thread_blocked, id=21036, stack(0x0000000018b60000,0x0000000018c60000)]
  0x000000001826f000 JavaThread "C1 CompilerThread2" daemon [_thread_blocked, id=21148, stack(0x0000000018a60000,0x0000000018b60000)]
=>0x0000000016edd000 JavaThread "C2 CompilerThread1" daemon [_thread_in_native, id=36412, stack(0x0000000018960000,0x0000000018a60000)]
  0x0000000016ed9800 JavaThread "C2 CompilerThread0" daemon [_thread_in_native, id=36200, stack(0x0000000018860000,0x0000000018960000)]
  0x0000000016e77800 JavaThread "Attach Listener" daemon [_thread_blocked, id=6812, stack(0x0000000018760000,0x0000000018860000)]
  0x0000000016e94800 JavaThread "Signal Dispatcher" daemon [_thread_blocked, id=34188, stack(0x0000000018660000,0x0000000018760000)]
  0x000000000350b800 JavaThread "Finalizer" daemon [_thread_blocked, id=34912, stack(0x00000000180d0000,0x00000000181d0000)]
  0x0000000003500800 JavaThread "Reference Handler" daemon [_thread_blocked, id=12752, stack(0x0000000017fd0000,0x00000000180d0000)]
  0x000000000340e800 JavaThread "main" [_thread_blocked, id=28936, stack(0x00000000032e0000,0x00000000033e0000)]

Other Threads:
  0x0000000016e46000 VMThread [stack: 0x0000000017ed0000,0x0000000017fd0000] [id=33248]
  0x000000001829f800 WatcherThread [stack: 0x0000000018c60000,0x0000000018d60000] [id=30784]

VM state:not at safepoint (normal execution)

VM Mutex/Monitor currently owned by a thread: None

Heap:
 PSYoungGen      total 311808K, used 273937K [0x00000000e0000000, 0x00000000f6200000, 0x0000000100000000)
  eden space 275456K, 95% used [0x00000000e0000000,0x00000000effa02b8,0x00000000f0d00000)
  from space 36352K, 33% used [0x00000000f3e80000,0x00000000f4a64150,0x00000000f6200000)
  to   space 43520K, 0% used [0x00000000f0d00000,0x00000000f0d00000,0x00000000f3780000)
 ParOldGen       total 188928K, used 79940K [0x00000000a0000000, 0x00000000ab880000, 0x00000000e0000000)
  object space 188928K, 42% used [0x00000000a0000000,0x00000000a4e111e0,0x00000000ab880000)
 Metaspace       used 94797K, capacity 98650K, committed 98944K, reserved 1134592K
  class space    used 12096K, capacity 12864K, committed 12928K, reserved 1048576K

Card table byte_map: [0x00000000128d0000,0x0000000012be0000] byte_map_base: 0x00000000123d0000

Marking Bits: (ParMarkBitMap*) 0x0000000057e05aa0
 Begin Bits: [0x00000000131e0000, 0x00000000149e0000)
 End Bits:   [0x00000000149e0000, 0x00000000161e0000)

Polling page: 0x0000000001200000

CodeCache: size=245760Kb used=48267Kb max_used=48431Kb free=197492Kb
 bounds [0x0000000003510000, 0x00000000064b0000, 0x0000000012510000]
 total_blobs=15706 nmethods=14797 adapters=819
 compilation: enabled

Compilation events (10 events):
Event: 368.092 Thread 0x000000001826f000 nmethod 18358 0x0000000004246e90 code [0x0000000004246fe0, 0x00000000042470d0]
Event: 368.098 Thread 0x000000001826f000 18359       3       org.jetbrains.kotlin.gradle.internal.AndroidExtensionsSubpluginIndicator$addAndroidExtensionsRuntime$1::execute (129 bytes)
Event: 368.102 Thread 0x000000001826f000 nmethod 18359 0x0000000004b79050 code [0x0000000004b793e0, 0x0000000004b7b3d8]
Event: 368.102 Thread 0x000000001826f000 18360       3       org.codehaus.groovy.runtime.MetaClassHelper::getMaximumInterfaceDistance (101 bytes)
Event: 368.103 Thread 0x000000001826f000 nmethod 18360 0x0000000004acb510 code [0x0000000004acb6e0, 0x0000000004acbd38]
Event: 368.103 Thread 0x000000001826f000 18364       3       groovy.lang.MetaClassImpl::pickMethod (12 bytes)
Event: 368.104 Thread 0x000000001826f000 nmethod 18364 0x0000000005b007d0 code [0x0000000005b00980, 0x0000000005b01148]
Event: 368.104 Thread 0x000000001826f000 18365       3       groovy.lang.MetaClassImpl::getMethodWithoutCaching (34 bytes)
Event: 368.105 Thread 0x000000001826f000 nmethod 18365 0x0000000004169f10 code [0x000000000416a0c0, 0x000000000416a788]
Event: 368.105 Thread 0x000000001826f000 18362   !   3       org.codehaus.groovy.reflection.ClassInfo::getMetaClass (33 bytes)

GC Heap History (10 events):
Event: 156.274 GC heap before
{Heap before GC invocations=20 (full 3):
 PSYoungGen      total 233984K, used 232397K [0x00000000e0000000, 0x00000000efa80000, 0x0000000100000000)
  eden space 224768K, 100% used [0x00000000e0000000,0x00000000edb80000,0x00000000edb80000)
  from space 9216K, 82% used [0x00000000ef180000,0x00000000ef8f3668,0x00000000efa80000)
  to   space 15872K, 0% used [0x00000000edb80000,0x00000000edb80000,0x00000000eeb00000)
 ParOldGen       total 97792K, used 44998K [0x00000000a0000000, 0x00000000a5f80000, 0x00000000e0000000)
  object space 97792K, 46% used [0x00000000a0000000,0x00000000a2bf1ac0,0x00000000a5f80000)
 Metaspace       used 75037K, capacity 77354K, committed 77696K, reserved 1116160K
  class space    used 10022K, capacity 10535K, committed 10624K, reserved 1048576K
Event: 156.338 GC heap after
Heap after GC invocations=20 (full 3):
 PSYoungGen      total 240640K, used 15841K [0x00000000e0000000, 0x00000000f3300000, 0x0000000100000000)
  eden space 224768K, 0% used [0x00000000e0000000,0x00000000e0000000,0x00000000edb80000)
  from space 15872K, 99% used [0x00000000edb80000,0x00000000eeaf8530,0x00000000eeb00000)
  to   space 26624K, 0% used [0x00000000f1900000,0x00000000f1900000,0x00000000f3300000)
 ParOldGen       total 97792K, used 68705K [0x00000000a0000000, 0x00000000a5f80000, 0x00000000e0000000)
  object space 97792K, 70% used [0x00000000a0000000,0x00000000a4318720,0x00000000a5f80000)
 Metaspace       used 75037K, capacity 77354K, committed 77696K, reserved 1116160K
  class space    used 10022K, capacity 10535K, committed 10624K, reserved 1048576K
}
Event: 164.023 GC heap before
{Heap before GC invocations=21 (full 3):
 PSYoungGen      total 240640K, used 238162K [0x00000000e0000000, 0x00000000f3300000, 0x0000000100000000)
  eden space 224768K, 98% used [0x00000000e0000000,0x00000000ed91c488,0x00000000edb80000)
  from space 15872K, 99% used [0x00000000edb80000,0x00000000eeaf8530,0x00000000eeb00000)
  to   space 26624K, 0% used [0x00000000f1900000,0x00000000f1900000,0x00000000f3300000)
 ParOldGen       total 97792K, used 68705K [0x00000000a0000000, 0x00000000a5f80000, 0x00000000e0000000)
  object space 97792K, 70% used [0x00000000a0000000,0x00000000a4318720,0x00000000a5f80000)
 Metaspace       used 78014K, capacity 80410K, committed 80512K, reserved 1118208K
  class space    used 10275K, capacity 10804K, committed 10880K, reserved 1048576K
Event: 164.354 GC heap after
Heap after GC invocations=21 (full 3):
 PSYoungGen      total 266240K, used 26606K [0x00000000e0000000, 0x00000000f6080000, 0x0000000100000000)
  eden space 239616K, 0% used [0x00000000e0000000,0x00000000e0000000,0x00000000eea00000)
  from space 26624K, 99% used [0x00000000f1900000,0x00000000f32fb850,0x00000000f3300000)
  to   space 48128K, 0% used [0x00000000eea00000,0x00000000eea00000,0x00000000f1900000)
 ParOldGen       total 116224K, used 116073K [0x00000000a0000000, 0x00000000a7180000, 0x00000000e0000000)
  object space 116224K, 99% used [0x00000000a0000000,0x00000000a715a440,0x00000000a7180000)
 Metaspace       used 78014K, capacity 80410K, committed 80512K, reserved 1118208K
  class space    used 10275K, capacity 10804K, committed 10880K, reserved 1048576K
}
Event: 164.354 GC heap before
{Heap before GC invocations=22 (full 4):
 PSYoungGen      total 266240K, used 26606K [0x00000000e0000000, 0x00000000f6080000, 0x0000000100000000)
  eden space 239616K, 0% used [0x00000000e0000000,0x00000000e0000000,0x00000000eea00000)
  from space 26624K, 99% used [0x00000000f1900000,0x00000000f32fb850,0x00000000f3300000)
  to   space 48128K, 0% used [0x00000000eea00000,0x00000000eea00000,0x00000000f1900000)
 ParOldGen       total 116224K, used 116073K [0x00000000a0000000, 0x00000000a7180000, 0x00000000e0000000)
  object space 116224K, 99% used [0x00000000a0000000,0x00000000a715a440,0x00000000a7180000)
 Metaspace       used 78014K, capacity 80410K, committed 80512K, reserved 1118208K
  class space    used 10275K, capacity 10804K, committed 10880K, reserved 1048576K
Event: 165.556 GC heap after
Heap after GC invocations=22 (full 4):
 PSYoungGen      total 266240K, used 0K [0x00000000e0000000, 0x00000000f6080000, 0x0000000100000000)
  eden space 239616K, 0% used [0x00000000e0000000,0x00000000e0000000,0x00000000eea00000)
  from space 26624K, 0% used [0x00000000f1900000,0x00000000f1900000,0x00000000f3300000)
  to   space 48128K, 0% used [0x00000000eea00000,0x00000000eea00000,0x00000000f1900000)
 ParOldGen       total 188928K, used 79924K [0x00000000a0000000, 0x00000000ab880000, 0x00000000e0000000)
  object space 188928K, 42% used [0x00000000a0000000,0x00000000a4e0d1e0,0x00000000ab880000)
 Metaspace       used 77737K, capacity 80056K, committed 80512K, reserved 1118208K
  class space    used 10247K, capacity 10755K, committed 10880K, reserved 1048576K
}
Event: 175.016 GC heap before
{Heap before GC invocations=23 (full 4):
 PSYoungGen      total 266240K, used 239535K [0x00000000e0000000, 0x00000000f6080000, 0x0000000100000000)
  eden space 239616K, 99% used [0x00000000e0000000,0x00000000ee9ebd60,0x00000000eea00000)
  from space 26624K, 0% used [0x00000000f1900000,0x00000000f1900000,0x00000000f3300000)
  to   space 48128K, 0% used [0x00000000eea00000,0x00000000eea00000,0x00000000f1900000)
 ParOldGen       total 188928K, used 79924K [0x00000000a0000000, 0x00000000ab880000, 0x00000000e0000000)
  object space 188928K, 42% used [0x00000000a0000000,0x00000000a4e0d1e0,0x00000000ab880000)
 Metaspace       used 88312K, capacity 91664K, committed 91904K, reserved 1128448K
  class space    used 11562K, capacity 12234K, committed 12288K, reserved 1048576K
Event: 175.058 GC heap after
Heap after GC invocations=23 (full 4):
 PSYoungGen      total 287744K, used 17355K [0x00000000e0000000, 0x00000000f6a80000, 0x0000000100000000)
  eden space 239616K, 0% used [0x00000000e0000000,0x00000000e0000000,0x00000000eea00000)
  from space 48128K, 36% used [0x00000000eea00000,0x00000000efaf2f80,0x00000000f1900000)
  to   space 45056K, 0% used [0x00000000f3e80000,0x00000000f3e80000,0x00000000f6a80000)
 ParOldGen       total 188928K, used 79932K [0x00000000a0000000, 0x00000000ab880000, 0x00000000e0000000)
  object space 188928K, 42% used [0x00000000a0000000,0x00000000a4e0f1e0,0x00000000ab880000)
 Metaspace       used 88312K, capacity 91664K, committed 91904K, reserved 1128448K
  class space    used 11562K, capacity 12234K, committed 12288K, reserved 1048576K
}
Event: 268.537 GC heap before
{Heap before GC invocations=24 (full 4):
 PSYoungGen      total 287744K, used 256971K [0x00000000e0000000, 0x00000000f6a80000, 0x0000000100000000)
  eden space 239616K, 100% used [0x00000000e0000000,0x00000000eea00000,0x00000000eea00000)
  from space 48128K, 36% used [0x00000000eea00000,0x00000000efaf2f80,0x00000000f1900000)
  to   space 45056K, 0% used [0x00000000f3e80000,0x00000000f3e80000,0x00000000f6a80000)
 ParOldGen       total 188928K, used 79932K [0x00000000a0000000, 0x00000000ab880000, 0x00000000e0000000)
  object space 188928K, 42% used [0x00000000a0000000,0x00000000a4e0f1e0,0x00000000ab880000)
 Metaspace       used 93767K, capacity 97448K, committed 97536K, reserved 1134592K
  class space    used 12058K, capacity 12794K, committed 12800K, reserved 1048576K
Event: 268.689 GC heap after
Heap after GC invocations=24 (full 4):
 PSYoungGen      total 311808K, used 12176K [0x00000000e0000000, 0x00000000f6200000, 0x0000000100000000)
  eden space 275456K, 0% used [0x00000000e0000000,0x00000000e0000000,0x00000000f0d00000)
  from space 36352K, 33% used [0x00000000f3e80000,0x00000000f4a64150,0x00000000f6200000)
  to   space 43520K, 0% used [0x00000000f0d00000,0x00000000f0d00000,0x00000000f3780000)
 ParOldGen       total 188928K, used 79940K [0x00000000a0000000, 0x00000000ab880000, 0x00000000e0000000)
  object space 188928K, 42% used [0x00000000a0000000,0x00000000a4e111e0,0x00000000ab880000)
 Metaspace       used 93767K, capacity 97448K, committed 97536K, reserved 1134592K
  class space    used 12058K, capacity 12794K, committed 12800K, reserved 1048576K
}

Deoptimization events (10 events):
Event: 285.903 Thread 0x000000001f935800 Uncommon trap: reason=bimorphic action=maybe_recompile pc=0x0000000004d59d14 method=com.sun.org.apache.xerces.internal.dom.NodeImpl.appendChild(Lorg/w3c/dom/Node;)Lorg/w3c/dom/Node; @ 3
Event: 285.903 Thread 0x000000001f935800 Uncommon trap: reason=bimorphic action=maybe_recompile pc=0x0000000004d5e88c method=com.sun.org.apache.xerces.internal.dom.CoreDocumentImpl.isKidOK(Lorg/w3c/dom/Node;Lorg/w3c/dom/Node;)Z @ 39
Event: 285.954 Thread 0x000000001fa60800 Uncommon trap: reason=unstable_if action=reinterpret pc=0x0000000005d456c0 method=java.util.HashMap.removeNode(ILjava/lang/Object;Ljava/lang/Object;ZZ)Ljava/util/HashMap$Node; @ 146
Event: 285.956 Thread 0x000000001fa60800 Uncommon trap: reason=unstable_if action=reinterpret pc=0x0000000005fe42d0 method=java.io.ObjectOutputStream$ReplaceTable.lookup(Ljava/lang/Object;)Ljava/lang/Object; @ 10
Event: 285.977 Thread 0x000000001fa60800 Uncommon trap: reason=bimorphic action=maybe_recompile pc=0x0000000005537de8 method=java.util.HashMap.removeNode(ILjava/lang/Object;Ljava/lang/Object;ZZ)Ljava/util/HashMap$Node; @ 68
Event: 285.983 Thread 0x000000001c913800 Uncommon trap: reason=class_check action=maybe_recompile pc=0x00000000048fc0d0 method=java.util.concurrent.FutureTask.run()V @ 42
Event: 286.017 Thread 0x000000001fa62000 Uncommon trap: reason=class_check action=maybe_recompile pc=0x000000000508b758 method=java.util.concurrent.LinkedBlockingQueue.poll(JLjava/util/concurrent/TimeUnit;)Ljava/lang/Object; @ 8
Event: 286.029 Thread 0x000000001fa66800 Uncommon trap: reason=unstable_if action=reinterpret pc=0x00000000046b7d94 method=com.esotericsoftware.kryo.io.Input.require(I)I @ 180
Event: 367.207 Thread 0x000000001fa62000 Uncommon trap: reason=class_check action=maybe_recompile pc=0x000000000508b758 method=java.util.concurrent.LinkedBlockingQueue.poll(JLjava/util/concurrent/TimeUnit;)Ljava/lang/Object; @ 8
Event: 368.102 Thread 0x000000001fa60800 Uncommon trap: reason=null_check action=make_not_entrant pc=0x00000000062bfb20 method=org.gradle.api.internal.collections.CollectionFilter.filter(Ljava/lang/Object;)Ljava/lang/Object; @ 5

Classes redefined (0 events):
No events

Internal exceptions (10 events):
Event: 270.776 Thread 0x000000001fa60800 Implicit null exception at 0x0000000005b00ea4 to 0x0000000005b02009
Event: 277.239 Thread 0x000000001f938800 Exception <a 'java/lang/InterruptedException'> (0x00000000e7c61df0) thrown at [D:\src\AOSP-openjdk-cygwin\jdk8u\hotspot\src\share\vm\runtime\objectMonitor.cpp, line 1684]
Event: 283.574 Thread 0x000000001f93d000 Exception <a 'sun/nio/fs/WindowsException'> (0x00000000ec0abec0) thrown at [D:\src\AOSP-openjdk-cygwin\jdk8u\hotspot\src\share\vm\prims\jni.cpp, line 709]
Event: 284.153 Thread 0x000000001f93d000 Exception <a 'sun/nio/fs/WindowsException'> (0x00000000ed3e1c00) thrown at [D:\src\AOSP-openjdk-cygwin\jdk8u\hotspot\src\share\vm\prims\jni.cpp, line 709]
Event: 284.291 Thread 0x000000001f93d000 Exception <a 'sun/nio/fs/WindowsException'> (0x00000000ed3ea940) thrown at [D:\src\AOSP-openjdk-cygwin\jdk8u\hotspot\src\share\vm\prims\jni.cpp, line 709]
Event: 284.389 Thread 0x000000001f93d000 Exception <a 'sun/nio/fs/WindowsException'> (0x00000000ed3ff680) thrown at [D:\src\AOSP-openjdk-cygwin\jdk8u\hotspot\src\share\vm\prims\jni.cpp, line 709]
Event: 285.491 Thread 0x000000001f940000 Exception <a 'sun/nio/fs/WindowsException'> (0x00000000ede56fd8) thrown at [D:\src\AOSP-openjdk-cygwin\jdk8u\hotspot\src\share\vm\prims\jni.cpp, line 709]
Event: 285.599 Thread 0x000000001c912000 Exception <a 'sun/nio/fs/WindowsException'> (0x00000000ee4f8f38) thrown at [D:\src\AOSP-openjdk-cygwin\jdk8u\hotspot\src\share\vm\prims\jni.cpp, line 709]
Event: 368.013 Thread 0x000000001fa60800 Exception <a 'sun/nio/fs/WindowsException'> (0x00000000efbff890) thrown at [D:\src\AOSP-openjdk-cygwin\jdk8u\hotspot\src\share\vm\prims\jni.cpp, line 709]
Event: 368.102 Thread 0x000000001fa60800 Implicit null exception at 0x00000000062bf9e3 to 0x00000000062bfb0d

Events (10 events):
Event: 367.942 Thread 0x000000001826f000 flushing nmethod 0x0000000004b1e550
Event: 367.942 Thread 0x000000001826f000 flushing nmethod 0x0000000004b1e890
Event: 367.961 Thread 0x000000001826f000 flushing nmethod 0x0000000005753510
Event: 367.961 Thread 0x000000001826f000 flushing nmethod 0x0000000005753850
Event: 367.961 Thread 0x000000001826f000 flushing nmethod 0x0000000005753b90
Event: 367.961 Thread 0x000000001826f000 flushing nmethod 0x0000000005753ed0
Event: 368.018 Thread 0x000000001fa65000 Thread added: 0x000000001fa65000
Event: 368.102 Thread 0x000000001fa60800 Uncommon trap: trap_request=0xfffffff4 fr.pc=0x00000000062bfb20
Event: 368.102 Thread 0x000000001fa60800 DEOPT PACKING pc=0x00000000062bfb20 sp=0x000000002b1dc450
Event: 368.102 Thread 0x000000001fa60800 DEOPT UNPACKING pc=0x000000000355557b sp=0x000000002b1dc3f8 mode 2


Dynamic libraries:
0x00007ff72f680000 - 0x00007ff72f6b1000 	C:\Program Files\Android\Android Studio1\jre\bin\java.exe
0x00007ffa7a720000 - 0x00007ffa7a901000 	C:\WINDOWS\SYSTEM32\ntdll.dll
0x00007ffa7a5f0000 - 0x00007ffa7a6a1000 	C:\WINDOWS\System32\KERNEL32.DLL
0x00007ffa77690000 - 0x00007ffa77903000 	C:\WINDOWS\System32\KERNELBASE.dll
0x00007ffa77bb0000 - 0x00007ffa77c51000 	C:\WINDOWS\System32\ADVAPI32.dll
0x00007ffa78000000 - 0x00007ffa7809e000 	C:\WINDOWS\System32\msvcrt.dll
0x00007ffa78b10000 - 0x00007ffa78b6b000 	C:\WINDOWS\System32\sechost.dll
0x00007ffa77df0000 - 0x00007ffa77f14000 	C:\WINDOWS\System32\RPCRT4.dll
0x00007ffa77c60000 - 0x00007ffa77df0000 	C:\WINDOWS\System32\USER32.dll
0x00007ffa77200000 - 0x00007ffa77220000 	C:\WINDOWS\System32\win32u.dll
0x00007ffa7a6b0000 - 0x00007ffa7a6d8000 	C:\WINDOWS\System32\GDI32.dll
0x00007ffa77970000 - 0x00007ffa77b01000 	C:\WINDOWS\System32\gdi32full.dll
0x00007ffa77b10000 - 0x00007ffa77baf000 	C:\WINDOWS\System32\msvcp_win.dll
0x00007ffa77590000 - 0x00007ffa77688000 	C:\WINDOWS\System32\ucrtbase.dll
0x00007ffa64400000 - 0x00007ffa64669000 	C:\WINDOWS\WinSxS\amd64_microsoft.windows.common-controls_6595b64144ccf1df_6.0.17134.829_none_fb46a5473061b9d5\COMCTL32.dll
0x00007ffa78590000 - 0x00007ffa788b2000 	C:\WINDOWS\System32\combase.dll
0x00007ffa77220000 - 0x00007ffa7729a000 	C:\WINDOWS\System32\bcryptPrimitives.dll
0x00007ffa77fd0000 - 0x00007ffa77ffd000 	C:\WINDOWS\System32\IMM32.DLL
0x0000000058500000 - 0x00000000585d2000 	C:\Program Files\Android\Android Studio1\jre\jre\bin\msvcr100.dll
0x0000000057640000 - 0x0000000057e81000 	C:\Program Files\Android\Android Studio1\jre\jre\bin\server\jvm.dll
0x00007ffa7a110000 - 0x00007ffa7a118000 	C:\WINDOWS\System32\PSAPI.DLL
0x00007ffa75640000 - 0x00007ffa75649000 	C:\WINDOWS\SYSTEM32\WSOCK32.dll
0x00007ffa788c0000 - 0x00007ffa7892c000 	C:\WINDOWS\System32\WS2_32.dll
0x00007ffa743d0000 - 0x00007ffa743f3000 	C:\WINDOWS\SYSTEM32\WINMM.dll
0x00007ffa6c350000 - 0x00007ffa6c35a000 	C:\WINDOWS\SYSTEM32\VERSION.dll
0x00007ffa74200000 - 0x00007ffa7422a000 	C:\WINDOWS\SYSTEM32\WINMMBASE.dll
0x00007ffa772a0000 - 0x00007ffa772e9000 	C:\WINDOWS\System32\cfgmgr32.dll
0x00007ffa70910000 - 0x00007ffa7091f000 	C:\Program Files\Android\Android Studio1\jre\jre\bin\verify.dll
0x00007ffa5b610000 - 0x00007ffa5b639000 	C:\Program Files\Android\Android Studio1\jre\jre\bin\java.dll
0x00007ffa6da20000 - 0x00007ffa6da36000 	C:\Program Files\Android\Android Studio1\jre\jre\bin\zip.dll
0x00007ffa78b70000 - 0x00007ffa79fb0000 	C:\WINDOWS\System32\SHELL32.dll
0x00007ffa77f20000 - 0x00007ffa77fc9000 	C:\WINDOWS\System32\shcore.dll
0x00007ffa76af0000 - 0x00007ffa771fd000 	C:\WINDOWS\System32\windows.storage.dll
0x00007ffa7a0b0000 - 0x00007ffa7a101000 	C:\WINDOWS\System32\shlwapi.dll
0x00007ffa76aa0000 - 0x00007ffa76ab1000 	C:\WINDOWS\System32\kernel.appcore.dll
0x00007ffa76a80000 - 0x00007ffa76a9f000 	C:\WINDOWS\System32\profapi.dll
0x00007ffa76a30000 - 0x00007ffa76a7c000 	C:\WINDOWS\System32\powrprof.dll
0x00007ffa76ac0000 - 0x00007ffa76aca000 	C:\WINDOWS\System32\FLTLIB.DLL
0x00007ffa71e20000 - 0x00007ffa71e3a000 	C:\Program Files\Android\Android Studio1\jre\jre\bin\net.dll
0x00007ffa76250000 - 0x00007ffa762b6000 	C:\WINDOWS\system32\mswsock.dll
0x00007ffa713a0000 - 0x00007ffa713b1000 	C:\Program Files\Android\Android Studio1\jre\jre\bin\nio.dll
0x00007ffa71690000 - 0x00007ffa716ae000 	C:\Android\native\25\windows-amd64\native-platform.dll
0x00007ffa74870000 - 0x00007ffa7487d000 	C:\Program Files\Android\Android Studio1\jre\jre\bin\management.dll
0x00007ffa76400000 - 0x00007ffa76417000 	C:\WINDOWS\SYSTEM32\CRYPTSP.dll
0x00007ffa75e40000 - 0x00007ffa75e73000 	C:\WINDOWS\system32\rsaenh.dll
0x00007ffa76590000 - 0x00007ffa765b5000 	C:\WINDOWS\SYSTEM32\bcrypt.dll
0x00007ffa76930000 - 0x00007ffa76958000 	C:\WINDOWS\SYSTEM32\USERENV.dll
0x00007ffa76420000 - 0x00007ffa7642b000 	C:\WINDOWS\SYSTEM32\CRYPTBASE.dll
0x00007ffa75fe0000 - 0x00007ffa76018000 	C:\WINDOWS\SYSTEM32\IPHLPAPI.DLL
0x00007ffa7a6e0000 - 0x00007ffa7a6e8000 	C:\WINDOWS\System32\NSI.dll
0x00007ffa6d4e0000 - 0x00007ffa6d4f6000 	C:\WINDOWS\SYSTEM32\dhcpcsvc6.DLL
0x00007ffa6d5c0000 - 0x00007ffa6d5da000 	C:\WINDOWS\SYSTEM32\dhcpcsvc.DLL
0x00007ffa71670000 - 0x00007ffa7168e000 	C:\Users\전성은\AppData\Local\Temp\native-platform4607922051640438191dir\native-platform.dll

VM Arguments:
jvm_args: -Xmx1536m -Dfile.encoding=x-windows-949 -Duser.country=KR -Duser.language=ko -Duser.variant 
java_command: org.gradle.launcher.daemon.bootstrap.GradleDaemon 5.1.1
java_class_path (initial): C:\Android\wrapper\dists\gradle-5.1.1-all\97z1ksx6lirer3kbvdnh7jtjg\gradle-5.1.1\lib\gradle-launcher-5.1.1.jar
Launcher Type: SUN_STANDARD

Environment Variables:
JAVA_HOME=C:\Program Files\Java\jdk-9.0.4
CLASSPATH=.;C:\Program Files\Java\jre-9.0.4\bin
PATH=C:\Program Files\Java\jdk-9.0.4\bin;C:\ProgramData\Oracle\Java\javapath;C:\Program Files (x86)\Common Files\Intel\Shared Libraries\redist\intel64\compiler;C:\Program Files (x86)\Python36-32\Scripts\;C:\Program Files (x86)\Python36-32\;C:\Program Files (x86)\Intel\iCLS Client\;C:\Program Files\Intel\iCLS Client\;C:\WINDOWS\system32;C:\WINDOWS;C:\WINDOWS\System32\Wbem;C:\WINDOWS\System32\WindowsPowerShell\v1.0\;C:\Program Files (x86)\Intel\Intel(R) Management Engine Components\DAL;C:\Program Files\Intel\Intel(R) Management Engine Components\DAL;C:\Program Files (x86)\Intel\Intel(R) Management Engine Components\IPT;C:\Program Files\Intel\Intel(R) Management Engine Components\IPT;C:\Program Files (x86)\Windows Kits\10\Windows Performance Toolkit\;C:\MinGW\bin;C:\Program Files\Intel\WiFi\bin\;C:\Program Files\Common Files\Intel\WirelessCommon\;C:\WINDOWS\System32\OpenSSH\;C:\Apache24\bin;C:\Program Files\MySQL\MySQL Utilities 1.6\bin;C:\Program Files\MySQL\MySQL Server 8.0\bin;C:\Program Files\Git\cmd;C:\Users\전성은\AppData\Local\Microsoft\WindowsApps;
USERNAME=전성은
OS=Windows_NT
PROCESSOR_IDENTIFIER=Intel64 Family 6 Model 78 Stepping 3, GenuineIntel



---------------  S Y S T E M  ---------------

OS: Windows 10.0 , 64 bit Build 17134 (10.0.17134.753)

CPU:total 4 (initial active 4) (2 cores per cpu, 2 threads per core) family 6 model 78 stepping 3, cmov, cx8, fxsr, mmx, sse, sse2, sse3, ssse3, sse4.1, sse4.2, popcnt, avx, avx2, aes, clmul, erms, 3dnowpref, lzcnt, ht, tsc, tscinvbit, bmi1, bmi2, adx

Memory: 4k page, physical 8304472k(294888k free), swap 33470296k(5444k free)

vm_info: OpenJDK 64-Bit Server VM (25.152-b01) for windows-amd64 JRE (1.8.0_152-release-1343-b01), built by "builder" with MS VC++ 10.0 (VS2010)

time: Mon Jul 08 22:53:26 2019
elapsed time: 368 seconds (0d 0h 6m 8s)

